<?xml version="1.0" encoding="utf-8" standalone="no"?>
<test-results xmlns:xsi="http://www.w3.org/2001/XMLSchema-instance" xsi:noNamespaceSchemaLocation="nunit_schema_2.5.xsd" name="Pester" total="1" errors="0" failures="0" not-run="0" inconclusive="0" ignored="0" skipped="0" invalid="0" date="2018-11-21" time="20:04:40">
  <environment user="appveyor" machine-name="APPVYR-WIN" cwd="C:\projects\remotedesktop" user-domain="APPVYR-WIN" platform="Microsoft Windows Server 2012 R2 Datacenter|C:\windows|\Device\Harddisk0\Partition5" nunit-version="2.5.8.0" os-version="6.3.9600" clr-version="4.0.30319.42000" />
  <culture-info current-culture="en-US" current-uiculture="en-US" />
  <test-suite type="TestFixture" name="Pester" executed="True" result="Success" success="True" time="0.9153" asserts="0" description="Pester">
    <results>
      <test-suite type="TestFixture" name="C:\projects\remotedesktop\remotedesktop.Tests.ps1" executed="True" result="Success" success="True" time="0.9153" asserts="0" description="C:\projects\remotedesktop\remotedesktop.Tests.ps1">
        <results>
          <test-suite type="TestFixture" name="remotedesktop : Module Tests" executed="True" result="Success" success="True" time="0.9153" asserts="0" description="remotedesktop : Module Tests">
            <results>
              <test-case description="should have a test for each function" name="remotedesktop : Module Tests.should have a test for each function" time="0.9153" asserts="0" success="True" result="Success" executed="True" />
            </results>
          </test-suite>
          <test-suite type="TestFixture" name="remotedesktop : Out-RDMenuFile" executed="True" result="Success" success="True" time="0" asserts="0" description="remotedesktop : Out-RDMenuFile">
            <results>
              <test-suite type="TestFixture" name="Output" executed="True" result="Success" success="True" time="0" asserts="0" description="Output">
                <results />
              </test-suite>
            </results>
          </test-suite>
        </results>
      </test-suite>
    </results>
  </test-suite>
</test-results>